plants/banisteriopsis-rusbyana.md: [[Mimosa hostilis]]
plants/banisteriopsis-rusbyana.md: [[Mimosa hostilis]]
plants/byrsonima-crassifolia.md: [[Zea mays]]
plants/byrsonima-crassifolia.md: [[Zea mays]]
plants/cyperus-prolixus.md: [[Mansoa alliacea]]
plants/erythroxylum-coca.md: [[pago a la tierra]]
plants/erythroxylum-coca.md: [[pago a la tierra]]
plants/justicia-pectoralis.md: [[Virola spp.]]
plants/justicia-pectoralis.md: [[Virola spp.]]
plants/justicia-pectoralis.md: [[Virola spp.]]
plants/leonotis-leonurus.md: [[Cannabis sativa]]
plants/paullinia-cupana.md: [[Ilex paraguariensis]]
plants/paullinia-cupana.md: [[Ilex paraguariensis]]
plants/petiveria-alliacea.md: [[limpieza]]
plants/petiveria-alliacea.md: [[limpieza]]
plants/petiveria-alliacea.md: [[despacho]]
plants/petiveria-alliacea.md: [[limpieza]]
plants/petiveria-alliacea.md: [[despacho]]
plants/plectranthus-barbatus.md: [[dieta]]
plants/plectranthus-barbatus.md: [[planta maestra]]
plants/plectranthus-barbatus.md: [[dieta]]
plants/plectranthus-barbatus.md: [[dieta]]
preparations/ayahuasca.md: [[Psychotria viridis (Chacruna)]]
