[2025-10-28 18:45:45] Footer/metadata updated: content/about.md (lastmod: 2025-10-28)
[2025-10-28 18:45:45] Footer/metadata updated: content/index.md (lastmod: 2025-10-28)
[2025-10-28 18:45:45] Footer/metadata updated: content/plants/anadenanthera-colubrina.md (lastmod: 2025-10-28)
[2025-10-28 18:45:45] Footer/metadata updated: content/plants/anadenanthera-peregrina.md (lastmod: 2025-10-28)
[2025-10-28 18:45:45] Footer/metadata updated: content/plants/banisteriopsis-caapi.md (lastmod: 2025-10-28)
[2025-10-28 18:45:45] Footer/metadata updated: content/plants/banisteriopsis-muricata.md (lastmod: 2025-10-28)
[2025-10-28 18:45:45] Footer/metadata updated: content/plants/banisteriopsis-rusbyana.md (lastmod: 2025-10-28)
[2025-10-28 18:45:45] Footer/metadata updated: content/plants/brugmansia-spp.md (lastmod: 2025-10-28)
[2025-10-28 18:45:45] Footer/metadata updated: content/plants/brunfelsia-grandiflora.md (lastmod: 2025-10-28)
[2025-10-28 18:45:45] Footer/metadata updated: content/plants/byrsonima-crassifolia.md (lastmod: 2025-10-28)
[2025-10-28 18:45:45] Footer/metadata updated: content/plants/calea-zacatechichi.md (lastmod: 2025-10-28)
[2025-10-28 18:45:45] Footer/metadata updated: content/plants/cissampelos-pareira.md (lastmod: 2025-10-28)
[2025-10-28 18:45:45] Footer/metadata updated: content/plants/cyperus-prolixus.md (lastmod: 2025-10-28)
[2025-10-28 18:45:45] Footer/metadata updated: content/plants/desmodium-gangeticum.md (lastmod: 2025-10-28)
[2025-10-28 18:45:45] Footer/metadata updated: content/plants/diplopterys-cabrerana.md (lastmod: 2025-10-28)
[2025-10-28 18:45:45] Footer/metadata updated: content/plants/erythroxylum-coca.md (lastmod: 2025-10-28)
[2025-10-28 18:45:45] Footer/metadata updated: content/plants/gynura-procumbens.md (lastmod: 2025-10-28)
[2025-10-28 18:45:45] Footer/metadata updated: content/plants/himatanthus-sucuuba.md (lastmod: 2025-10-28)
[2025-10-28 18:45:45] Footer/metadata updated: content/plants/ilex-guayusa.md (lastmod: 2025-10-28)
[2025-10-28 18:45:45] Footer/metadata updated: content/plants/justicia-pectoralis.md (lastmod: 2025-10-28)
[2025-10-28 18:45:45] Footer/metadata updated: content/plants/leonotis-leonurus.md (lastmod: 2025-10-28)
[2025-10-28 18:45:45] Footer/metadata updated: content/plants/nicotiana-rustica.md (lastmod: 2025-10-28)
[2025-10-28 18:45:45] Footer/metadata updated: content/plants/paullinia-cupana.md (lastmod: 2025-10-28)
[2025-10-28 18:45:45] Footer/metadata updated: content/plants/petiveria-alliacea.md (lastmod: 2025-10-28)
[2025-10-28 18:45:45] Footer/metadata updated: content/plants/piper-aduncum.md (lastmod: 2025-10-28)
[2025-10-28 18:45:45] Footer/metadata updated: content/plants/piper-methysticum.md (lastmod: 2025-10-28)
[2025-10-28 18:45:45] Footer/metadata updated: content/plants/plectranthus-barbatus.md (lastmod: 2025-10-28)
[2025-10-28 18:45:45] Footer/metadata updated: content/plants/psychotria-alba.md (lastmod: 2025-10-28)
[2025-10-28 18:45:45] Footer/metadata updated: content/plants/psychotria-viridis.md (lastmod: 2025-10-28)
[2025-10-28 18:45:45] Footer/metadata updated: content/plants/strychnos-toxifera.md (lastmod: 2025-10-28)
[2025-10-28 18:45:45] Footer/metadata updated: content/plants/tabebuia-impetiginosa.md (lastmod: 2025-10-28)
[2025-10-28 18:45:45] Footer/metadata updated: content/plants/tabernaemontana-sananho.md (lastmod: 2025-10-28)
[2025-10-28 18:45:45] Footer/metadata updated: content/plants/theobroma-cacao.md (lastmod: 2025-10-28)
[2025-10-28 18:45:45] Footer/metadata updated: content/plants/turnera-diffusa.md (lastmod: 2025-10-28)
[2025-10-28 18:45:45] Footer/metadata updated: content/plants/uncaria-tomentosa.md (lastmod: 2025-10-28)
[2025-10-28 18:45:45] Footer/metadata updated: content/plants/virola-theiodora.md (lastmod: 2025-10-28)
[2025-10-28 18:45:45] Footer/metadata updated: content/plants/withania-somnifera.md (lastmod: 2025-10-28)
[2025-10-28 18:45:45] Footer/metadata updated: content/policy/dmt-un-report-1971.md (lastmod: 2025-10-28)
[2025-10-28 18:45:45] Footer/metadata updated: content/preparations/ayahuasca.md (lastmod: 2025-10-28)
[2025-10-28 18:45:45] Footer/metadata updated: content/summaries/ayahuasca-summary.md (lastmod: 2025-10-28)
[2025-10-28 18:45:45] Footer/metadata updated: content/traditions/Ethnobotanical-Traditions.md (lastmod: 2025-10-28)
[2025-10-28 18:45:45] Footer/metadata updated: content/traditions/Preparation-and-Ceremony.md (lastmod: 2025-10-28)
